mode: set
github.com/asoltd/lancr/server/hero_service.go:14.111,17.40 3 1
github.com/asoltd/lancr/server/hero_service.go:17.40,19.3 1 0
github.com/asoltd/lancr/server/hero_service.go:19.8,19.23 1 1
github.com/asoltd/lancr/server/hero_service.go:19.23,21.3 1 0
github.com/asoltd/lancr/server/hero_service.go:22.2,24.16 3 1
github.com/asoltd/lancr/server/hero_service.go:24.16,27.3 2 0
github.com/asoltd/lancr/server/hero_service.go:28.2,28.50 1 1
github.com/asoltd/lancr/server/hero_service.go:32.120,35.6 3 1
github.com/asoltd/lancr/server/hero_service.go:35.6,37.27 2 1
github.com/asoltd/lancr/server/hero_service.go:37.27,38.9 1 0
github.com/asoltd/lancr/server/hero_service.go:40.3,40.17 1 1
github.com/asoltd/lancr/server/hero_service.go:40.17,42.4 1 0
github.com/asoltd/lancr/server/hero_service.go:43.3,45.17 3 1
github.com/asoltd/lancr/server/hero_service.go:45.17,47.4 1 1
github.com/asoltd/lancr/server/hero_service.go:48.3,49.41 2 1
github.com/asoltd/lancr/server/hero_service.go:49.41,50.9 1 1
github.com/asoltd/lancr/server/hero_service.go:53.2,53.54 1 1
github.com/asoltd/lancr/server/hero_service.go:56.120,58.17 2 0
github.com/asoltd/lancr/server/hero_service.go:58.17,60.3 1 0
github.com/asoltd/lancr/server/hero_service.go:62.2,63.16 2 0
github.com/asoltd/lancr/server/hero_service.go:63.16,65.3 1 0
github.com/asoltd/lancr/server/hero_service.go:68.2,69.40 2 0
github.com/asoltd/lancr/server/hero_service.go:69.40,71.3 1 0
github.com/asoltd/lancr/server/hero_service.go:73.2,74.16 2 0
github.com/asoltd/lancr/server/hero_service.go:74.16,76.3 1 0
github.com/asoltd/lancr/server/hero_service.go:77.2,77.53 1 0
github.com/asoltd/lancr/server/hero_service.go:80.120,82.64 2 0
github.com/asoltd/lancr/server/hero_service.go:82.64,84.3 1 0
github.com/asoltd/lancr/server/hero_service.go:86.2,87.16 2 0
github.com/asoltd/lancr/server/hero_service.go:87.16,89.3 1 0
github.com/asoltd/lancr/server/hero_service.go:91.2,91.43 1 0
github.com/asoltd/lancr/server/serialize.go:14.99,17.16 2 1
github.com/asoltd/lancr/server/serialize.go:17.16,19.3 1 0
github.com/asoltd/lancr/server/serialize.go:22.2,23.16 2 1
github.com/asoltd/lancr/server/serialize.go:23.16,25.3 1 1
github.com/asoltd/lancr/server/serialize.go:27.2,27.12 1 1
github.com/asoltd/lancr/server/serialize.go:34.64,39.16 3 0
github.com/asoltd/lancr/server/serialize.go:39.16,41.3 1 0
github.com/asoltd/lancr/server/serialize.go:44.2,45.16 2 0
github.com/asoltd/lancr/server/serialize.go:45.16,47.3 1 0
github.com/asoltd/lancr/server/serialize.go:49.2,49.17 1 0
github.com/asoltd/lancr/server/serialize.go:52.74,54.16 2 0
github.com/asoltd/lancr/server/serialize.go:54.16,56.3 1 0
github.com/asoltd/lancr/server/serialize.go:59.2,59.54 1 0
github.com/asoltd/lancr/server/serialize.go:59.54,61.3 1 0
github.com/asoltd/lancr/server/serialize.go:63.2,63.12 1 0
github.com/asoltd/lancr/server/server.go:29.45,32.20 3 1
github.com/asoltd/lancr/server/server.go:32.20,33.54 1 1
github.com/asoltd/lancr/server/server.go:33.54,35.4 1 0
github.com/asoltd/lancr/server/server.go:37.3,42.4 2 1
github.com/asoltd/lancr/server/server.go:43.8,48.3 1 0
github.com/asoltd/lancr/server/server.go:49.2,49.16 1 1
github.com/asoltd/lancr/server/server.go:49.16,51.3 1 0
github.com/asoltd/lancr/server/server.go:53.2,54.16 2 1
github.com/asoltd/lancr/server/server.go:54.16,56.3 1 0
github.com/asoltd/lancr/server/server.go:58.2,62.8 1 1
github.com/asoltd/lancr/server/server.go:65.49,67.2 1 1
github.com/asoltd/lancr/server/server.go:69.36,71.2 1 0
